<?xml version='1.0' encoding='UTF-8'?>
<testsuite hostname="iMac-de-Felipe.local" name="knowbag.fpinscala.chap3.FunctionalDataStructure" tests="14" errors="0" failures="0" time="0.119">
                     <properties>
[...]
</properties>
                     <testcase classname="knowbag.fpinscala.chap3.FunctionalDataStructure" name="1 should Value for list in pattern matching" time="0.019">
                                                 
                                               </testcase><testcase classname="knowbag.fpinscala.chap3.FunctionalDataStructure" name="2 should implement tail function" time="0.002">
                                                 
                                               </testcase><testcase classname="knowbag.fpinscala.chap3.FunctionalDataStructure" name="3 should implement set head function" time="0.0">
                                                 
                                               </testcase><testcase classname="knowbag.fpinscala.chap3.FunctionalDataStructure" name="4 should implement drop function" time="0.001">
                                                 
                                               </testcase><testcase classname="knowbag.fpinscala.chap3.FunctionalDataStructure" name="5 should implement drop while" time="0.002">
                                                 
                                               </testcase><testcase classname="knowbag.fpinscala.chap3.FunctionalDataStructure" name="6 should implement init" time="0.001">
                                                 
                                               </testcase><testcase classname="knowbag.fpinscala.chap3.FunctionalDataStructure" name="fold right should reduce values to de right" time="0.004">
                                                 
                                               </testcase><testcase classname="knowbag.fpinscala.chap3.FunctionalDataStructure" name="fold right should throw stackOverFlowException when the list is too big" time="0.055">
                                                 
                                               </testcase><testcase classname="knowbag.fpinscala.chap3.FunctionalDataStructure" name="8 should pass Nil and cons to foldRight" time="0.001">
                                                 
                                               </testcase><testcase classname="knowbag.fpinscala.chap3.FunctionalDataStructure" name="9 should implement length with fold right" time="0.001">
                                                 
                                               </testcase><testcase classname="knowbag.fpinscala.chap3.FunctionalDataStructure" name="10 should implement fold left tail recursive" time="0.031">
                                                 
                                               </testcase><testcase classname="knowbag.fpinscala.chap3.FunctionalDataStructure" name="11 should implement sum product and length with fold left" time="0.002">
                                                 
                                               </testcase><testcase classname="knowbag.fpinscala.chap3.FunctionalDataStructure" name="12 should implement reverse" time="0.001">
                                                 
                                               </testcase><testcase classname="knowbag.fpinscala.chap3.FunctionalDataStructure" name="13 should implement fold left in terms of fold right" time="-0.001">
                                                 
                                               </testcase>
                     <system-out></system-out>
                     <system-err></system-err>
                   </testsuite>